<?xml version="1.0" encoding="UTF-8"?>
<!-- Generated by org.testng.reporters.JUnitReportReporter -->
<testsuite hostname="DESKTOP-SMUGKE0" name="com.scripts.CartFunctionalityTest" tests="1" failures="0" timestamp="27 Jul 2021 13:19:15 GMT" time="55.277" errors="0">
  <testcase name="validateAddToCartFunctionality" time="55.277" classname="com.scripts.CartFunctionalityTest"/>
</testsuite> <!-- com.scripts.CartFunctionalityTest -->
